<?xml version="1.0" encoding="UTF-8"?>
<testsuite xmlns:xsi="http://www.w3.org/2001/XMLSchema-instance" xsi:noNamespaceSchemaLocation="https://maven.apache.org/surefire/maven-surefire-plugin/xsd/surefire-test-report.xsd" version="3.0.2" name="com.cisco.apigatewayv2.ApiGatewayV2ApplicationTests" time="17.848" tests="1" errors="0" skipped="0" failures="0" flakes="0">
  <properties>
[...]
</properties>
  <testcase name="contextLoads" classname="com.cisco.apigatewayv2.ApiGatewayV2ApplicationTests" time="1.181">
    <system-out><![CDATA[14:29:05.488 [main] INFO org.springframework.test.context.support.AnnotationConfigContextLoaderUtils -- Could not detect default configuration classes for test class [com.cisco.apigatewayv2.ApiGatewayV2ApplicationTests]: ApiGatewayV2ApplicationTests does not declare any static, non-private, non-final, nested classes annotated with @Configuration.
14:29:05.810 [main] INFO org.springframework.boot.test.context.SpringBootTestContextBootstrapper -- Found @SpringBootConfiguration com.cisco.apigatewayv2.ApiGatewayV2Application for test class com.cisco.apigatewayv2.ApiGatewayV2ApplicationTests
14:29:06.103 [main] INFO org.springframework.test.context.support.AnnotationConfigContextLoaderUtils -- Could not detect default configuration classes for test class [com.cisco.apigatewayv2.ApiGatewayV2ApplicationTests]: ApiGatewayV2ApplicationTests does not declare any static, non-private, non-final, nested classes annotated with @Configuration.
14:29:06.110 [main] INFO org.springframework.boot.test.context.SpringBootTestContextBootstrapper -- Found @SpringBootConfiguration com.cisco.apigatewayv2.ApiGatewayV2Application for test class com.cisco.apigatewayv2.ApiGatewayV2ApplicationTests

  .   ____          _            __ _ _
 /\\ / ___'_ __ _ _(_)_ __  __ _ \ \ \ \
( ( )\___ | '_ | '_| | '_ \/ _` | \ \ \ \
 \\/  ___)| |_)| | | | | || (_| |  ) ) ) )
  '  |____| .__|_| |_|_| |_\__, | / / / /
 =========|_|==============|___/=/_/_/_/

 :: Spring Boot ::                (v4.1.0)

2026-06-25T14:29:09.352+02:00  INFO 41412 --- [api-gatewayV2] [           main] c.c.a.ApiGatewayV2ApplicationTests       : Starting ApiGatewayV2ApplicationTests using Java 21.0.10 with PID 41412 (started by Lesego in C:\Users\Lesego\IdeaProjects\Course\api-gatewayV2)
2026-06-25T14:29:09.359+02:00  INFO 41412 --- [api-gatewayV2] [           main] c.c.a.ApiGatewayV2ApplicationTests       : No active profile set, falling back to 1 default profile: "default"
2026-06-25T14:29:14.284+02:00  INFO 41412 --- [api-gatewayV2] [           main] o.s.cloud.context.scope.GenericScope     : BeanFactory id=3f85b48b-6574-349e-938c-186efb4b8e63
2026-06-25T14:29:18.605+02:00  INFO 41412 --- [api-gatewayV2] [           main] o.s.cloud.commons.util.InetUtils         : Cannot determine local hostname
2026-06-25T14:29:19.748+02:00  INFO 41412 --- [api-gatewayV2] [           main] o.s.cloud.commons.util.InetUtils         : Cannot determine local hostname
2026-06-25T14:29:19.857+02:00  INFO 41412 --- [api-gatewayV2] [           main] DiscoveryClientOptionalArgsConfiguration : Eureka HTTP Client uses RestClient.
2026-06-25T14:29:20.624+02:00  WARN 41412 --- [api-gatewayV2] [           main] iguration$LoadBalancerCaffeineWarnLogger : Spring Cloud LoadBalancer is currently working with the default cache. While this cache implementation is useful for development and tests, it's recommended to use Caffeine cache in production.You can switch to using Caffeine cache, by adding it and org.springframework.cache.caffeine.CaffeineCacheManager to the classpath.
2026-06-25T14:29:20.698+02:00  INFO 41412 --- [api-gatewayV2] [           main] o.s.c.n.eureka.InstanceInfoFactory       : Setting initial instance status as: STARTING
2026-06-25T14:29:20.791+02:00  INFO 41412 --- [api-gatewayV2] [           main] com.netflix.discovery.DiscoveryClient    : Initializing Eureka in region us-east-1
2026-06-25T14:29:20.806+02:00  INFO 41412 --- [api-gatewayV2] [           main] c.n.d.s.r.aws.ConfigClusterResolver      : Resolving eureka endpoints via configuration
2026-06-25T14:29:20.836+02:00  INFO 41412 --- [api-gatewayV2] [           main] com.netflix.discovery.DiscoveryClient    : Disable delta property : false
2026-06-25T14:29:20.836+02:00  INFO 41412 --- [api-gatewayV2] [           main] com.netflix.discovery.DiscoveryClient    : Single vip registry refresh property : null
2026-06-25T14:29:20.836+02:00  INFO 41412 --- [api-gatewayV2] [           main] com.netflix.discovery.DiscoveryClient    : Force full registry fetch : false
2026-06-25T14:29:20.836+02:00  INFO 41412 --- [api-gatewayV2] [           main] com.netflix.discovery.DiscoveryClient    : Application is null : false
2026-06-25T14:29:20.836+02:00  INFO 41412 --- [api-gatewayV2] [           main] com.netflix.discovery.DiscoveryClient    : Registered Applications size is zero : true
2026-06-25T14:29:20.836+02:00  INFO 41412 --- [api-gatewayV2] [           main] com.netflix.discovery.DiscoveryClient    : Application version is -1: true
2026-06-25T14:29:20.836+02:00  INFO 41412 --- [api-gatewayV2] [           main] com.netflix.discovery.DiscoveryClient    : Getting all instance registry info from the eureka server
2026-06-25T14:29:21.503+02:00  INFO 41412 --- [api-gatewayV2] [           main] com.netflix.discovery.DiscoveryClient    : The response status is 200
2026-06-25T14:29:21.510+02:00  INFO 41412 --- [api-gatewayV2] [           main] com.netflix.discovery.DiscoveryClient    : Starting heartbeat executor: renew interval is: 30
2026-06-25T14:29:21.517+02:00  INFO 41412 --- [api-gatewayV2] [           main] c.n.discovery.InstanceInfoReplicator     : InstanceInfoReplicator onDemand update allowed rate per min is 4
2026-06-25T14:29:21.522+02:00  INFO 41412 --- [api-gatewayV2] [           main] com.netflix.discovery.DiscoveryClient    : Discovery Client initialized at timestamp 1782390561520 with initial instances count: 4
2026-06-25T14:29:21.532+02:00  INFO 41412 --- [api-gatewayV2] [           main] o.s.c.n.e.s.EurekaServiceRegistry        : Registering application API-GATEWAYV2 with eureka with status UP
2026-06-25T14:29:21.533+02:00  INFO 41412 --- [api-gatewayV2] [           main] com.netflix.discovery.DiscoveryClient    : Saw local status change event StatusChangeEvent [timestamp=1782390561533, current=UP, previous=STARTING]
2026-06-25T14:29:21.537+02:00  INFO 41412 --- [api-gatewayV2] [foReplicator-%d] com.netflix.discovery.DiscoveryClient    : DiscoveryClient_API-GATEWAYV2/localhost:api-gatewayV2:8766: registering service...
2026-06-25T14:29:21.553+02:00  INFO 41412 --- [api-gatewayV2] [           main] c.c.a.ApiGatewayV2ApplicationTests       : Started ApiGatewayV2ApplicationTests in 14.618 seconds (process running for 18.059)
2026-06-25T14:29:21.672+02:00  INFO 41412 --- [api-gatewayV2] [foReplicator-%d] com.netflix.discovery.DiscoveryClient    : DiscoveryClient_API-GATEWAYV2/localhost:api-gatewayV2:8766 - registration status: 204
]]></system-out>
    <system-err><![CDATA[Mockito is currently self-attaching to enable the inline-mock-maker. This will no longer work in future releases of the JDK. Please add Mockito as an agent to your build as described in Mockito's documentation: https://javadoc.io/doc/org.mockito/mockito-core/latest/org.mockito/org/mockito/Mockito.html#0.3
WARNING: A Java agent has been loaded dynamically (C:\Users\Lesego\.m2\repository\net\bytebuddy\byte-buddy-agent\1.18.10\byte-buddy-agent-1.18.10.jar)
WARNING: If a serviceability tool is in use, please run with -XX:+EnableDynamicAgentLoading to hide this warning
WARNING: If a serviceability tool is not in use, please run with -Djdk.instrument.traceUsage for more information
WARNING: Dynamic loading of agents will be disallowed by default in a future release
]]></system-err>
  </testcase>
</testsuite>