<?xml version="1.0" encoding="UTF-8"?>
<testsuite xmlns:xsi="http://www.w3.org/2001/XMLSchema-instance" xsi:noNamespaceSchemaLocation="https://maven.apache.org/surefire/maven-surefire-plugin/xsd/surefire-test-report.xsd" version="3.0.2" name="com.cisco.courseservice.CourseServiceApplicationTests" time="11.909" tests="1" errors="0" skipped="0" failures="0" flakes="0">
  <properties>
[...]
</properties>
  <testcase name="contextLoads" classname="com.cisco.courseservice.CourseServiceApplicationTests" time="0.944">
    <system-out><![CDATA[14:16:54.384 [main] INFO org.springframework.test.context.support.AnnotationConfigContextLoaderUtils -- Could not detect default configuration classes for test class [com.cisco.courseservice.CourseServiceApplicationTests]: CourseServiceApplicationTests does not declare any static, non-private, non-final, nested classes annotated with @Configuration.
14:16:54.573 [main] INFO org.springframework.boot.test.context.SpringBootTestContextBootstrapper -- Found @SpringBootConfiguration com.cisco.courseservice.CourseServiceApplication for test class com.cisco.courseservice.CourseServiceApplicationTests
14:16:54.707 [main] INFO org.springframework.test.context.support.AnnotationConfigContextLoaderUtils -- Could not detect default configuration classes for test class [com.cisco.courseservice.CourseServiceApplicationTests]: CourseServiceApplicationTests does not declare any static, non-private, non-final, nested classes annotated with @Configuration.
14:16:54.708 [main] INFO org.springframework.boot.test.context.SpringBootTestContextBootstrapper -- Found @SpringBootConfiguration com.cisco.courseservice.CourseServiceApplication for test class com.cisco.courseservice.CourseServiceApplicationTests

  .   ____          _            __ _ _
 /\\ / ___'_ __ _ _(_)_ __  __ _ \ \ \ \
( ( )\___ | '_ | '_| | '_ \/ _` | \ \ \ \
 \\/  ___)| |_)| | | | | || (_| |  ) ) ) )
  '  |____| .__|_| |_|_| |_\__, | / / / /
 =========|_|==============|___/=/_/_/_/

 :: Spring Boot ::                (v4.0.7)

2026-06-25T14:16:56.599+02:00  INFO 24660 --- [course-service] [           main] c.c.c.CourseServiceApplicationTests      : Starting CourseServiceApplicationTests using Java 21.0.10 with PID 24660 (started by Lesego in C:\Users\Lesego\IdeaProjects\Course\course-service)
2026-06-25T14:16:56.602+02:00  INFO 24660 --- [course-service] [           main] c.c.c.CourseServiceApplicationTests      : No active profile set, falling back to 1 default profile: "default"
2026-06-25T14:16:57.841+02:00  INFO 24660 --- [course-service] [           main] .s.d.r.c.RepositoryConfigurationDelegate : Bootstrapping Spring Data MongoDB repositories in DEFAULT mode.
2026-06-25T14:16:58.062+02:00  INFO 24660 --- [course-service] [           main] .s.d.r.c.RepositoryConfigurationDelegate : Finished Spring Data repository scanning in 208 ms. Found 1 MongoDB repository interface.
2026-06-25T14:16:58.538+02:00  INFO 24660 --- [course-service] [           main] o.s.cloud.context.scope.GenericScope     : BeanFactory id=398d55e1-8f08-3831-886e-0a4552c16b4b
2026-06-25T14:16:59.271+02:00  INFO 24660 --- [course-service] [           main] org.mongodb.driver.client                : MongoClient with metadata {"application": {"name": "course"}, "driver": {"name": "mongo-java-driver|spring-boot|sync", "version": "5.6.5"}, "os": {"type": "Windows", "name": "Windows 11", "architecture": "amd64", "version": "10.0"}, "platform": "Java/Oracle Corporation/21.0.10+8-LTS-217"} created with settings MongoClientSettings{readPreference=primary, writeConcern=WriteConcern{w=majority, wTimeout=null ms, journal=null}, retryWrites=true, retryReads=true, readConcern=ReadConcern{level=null}, credential=MongoCredential{mechanism=null, userName='root', source='admin', password=<hidden>, mechanismProperties=<hidden>}, transportSettings=null, commandListeners=[], codecRegistry=ProvidersCodecRegistry{codecProviders=[ValueCodecProvider{}, BsonValueCodecProvider{}, DBRefCodecProvider{}, DBObjectCodecProvider{}, DocumentCodecProvider{}, CollectionCodecProvider{}, IterableCodecProvider{}, MapCodecProvider{}, GeoJsonCodecProvider{}, GridFSFileCodecProvider{}, Jsr310CodecProvider{}, JsonObjectCodecProvider{}, BsonCodecProvider{}, com.mongodb.client.model.mql.ExpressionCodecProvider@bfb93cf, com.mongodb.Jep395RecordCodecProvider@dd737ea, com.mongodb.KotlinCodecProvider@7bc2ae16, EnumCodecProvider{}]}, loggerSettings=LoggerSettings{maxDocumentLength=1000}, clusterSettings={hosts=[127.0.0.1:27017], srvHost=telusko.ruqmdhz.mongodb.net, srvServiceName=mongodb, mode=MULTIPLE, requiredClusterType=REPLICA_SET, requiredReplicaSetName='atlas-jrzu4o-shard-0', serverSelector='null', clusterListeners='[]', serverSelectionTimeout='30000 ms', localThreshold='15 ms'}, socketSettings=SocketSettings{connectTimeoutMS=10000, readTimeoutMS=0, receiveBufferSize=0, proxySettings=ProxySettings{host=null, port=null, username=null, password=null}}, heartbeatSocketSettings=SocketSettings{connectTimeoutMS=10000, readTimeoutMS=10000, receiveBufferSize=0, proxySettings=ProxySettings{host=null, port=null, username=null, password=null}}, connectionPoolSettings=ConnectionPoolSettings{maxSize=100, minSize=0, maxWaitTimeMS=120000, maxConnectionLifeTimeMS=0, maxConnectionIdleTimeMS=0, maintenanceInitialDelayMS=0, maintenanceFrequencyMS=60000, connectionPoolListeners=[], maxConnecting=2}, serverSettings=ServerSettings{heartbeatFrequencyMS=10000, minHeartbeatFrequencyMS=500, serverMonitoringMode=AUTO, serverListeners='[]', serverMonitorListeners='[]'}, sslSettings=SslSettings{enabled=true, invalidHostNameAllowed=false, context=null}, applicationName='course', compressorList=[], uuidRepresentation=UNSPECIFIED, serverApi=null, autoEncryptionSettings=null, dnsClient=null, inetAddressResolver=null, contextProvider=null, timeoutMS=null}
2026-06-25T14:16:59.337+02:00  INFO 24660 --- [course-service] [dhz.mongodb.net] org.mongodb.driver.cluster               : Adding discovered server ac-hm7vyms-shard-00-02.ruqmdhz.mongodb.net:27017 to client view of cluster
2026-06-25T14:16:59.384+02:00  INFO 24660 --- [course-service] [dhz.mongodb.net] org.mongodb.driver.cluster               : Adding discovered server ac-hm7vyms-shard-00-00.ruqmdhz.mongodb.net:27017 to client view of cluster
2026-06-25T14:16:59.385+02:00  INFO 24660 --- [course-service] [dhz.mongodb.net] org.mongodb.driver.cluster               : Adding discovered server ac-hm7vyms-shard-00-01.ruqmdhz.mongodb.net:27017 to client view of cluster
2026-06-25T14:17:00.616+02:00  INFO 24660 --- [course-service] [ngodb.net:27017] org.mongodb.driver.cluster               : Monitor thread successfully connected to server with description ServerDescription{address=ac-hm7vyms-shard-00-01.ruqmdhz.mongodb.net:27017, type=REPLICA_SET_SECONDARY, cryptd=false, state=CONNECTED, ok=true, minWireVersion=0, maxWireVersion=25, maxDocumentSize=16777216, logicalSessionTimeoutMinutes=30, roundTripTimeNanos=558114600, minRoundTripTimeNanos=0, setName='atlas-jrzu4o-shard-0', canonicalAddress=ac-hm7vyms-shard-00-01.ruqmdhz.mongodb.net:27017, hosts=[ac-hm7vyms-shard-00-00.ruqmdhz.mongodb.net:27017, ac-hm7vyms-shard-00-02.ruqmdhz.mongodb.net:27017, ac-hm7vyms-shard-00-01.ruqmdhz.mongodb.net:27017], passives=[], arbiters=[], primary='ac-hm7vyms-shard-00-02.ruqmdhz.mongodb.net:27017', tagSet=TagSet{[Tag{name='availabilityZone', value='afs1-az2'}, Tag{name='cacheState', value='READY'}, Tag{name='diskState', value='READY'}, Tag{name='nodeType', value='ELECTABLE'}, Tag{name='provider', value='AWS'}, Tag{name='region', value='AF_SOUTH_1'}, Tag{name='workloadType', value='OPERATIONAL'}]}, electionId=null, setVersion=9, topologyVersion=TopologyVersion{processId=6a3bd5ac8daca3e38d31135b, counter=3}, lastWriteDate=Thu Jun 25 14:17:00 SAST 2026, lastUpdateTimeNanos=1313929230089900}
2026-06-25T14:17:00.616+02:00  INFO 24660 --- [course-service] [ngodb.net:27017] org.mongodb.driver.cluster               : Monitor thread successfully connected to server with description ServerDescription{address=ac-hm7vyms-shard-00-00.ruqmdhz.mongodb.net:27017, type=REPLICA_SET_SECONDARY, cryptd=false, state=CONNECTED, ok=true, minWireVersion=0, maxWireVersion=25, maxDocumentSize=16777216, logicalSessionTimeoutMinutes=30, roundTripTimeNanos=553234300, minRoundTripTimeNanos=0, setName='atlas-jrzu4o-shard-0', canonicalAddress=ac-hm7vyms-shard-00-00.ruqmdhz.mongodb.net:27017, hosts=[ac-hm7vyms-shard-00-00.ruqmdhz.mongodb.net:27017, ac-hm7vyms-shard-00-02.ruqmdhz.mongodb.net:27017, ac-hm7vyms-shard-00-01.ruqmdhz.mongodb.net:27017], passives=[], arbiters=[], primary='ac-hm7vyms-shard-00-02.ruqmdhz.mongodb.net:27017', tagSet=TagSet{[Tag{name='availabilityZone', value='afs1-az1'}, Tag{name='cacheState', value='READY'}, Tag{name='diskState', value='READY'}, Tag{name='nodeType', value='ELECTABLE'}, Tag{name='provider', value='AWS'}, Tag{name='region', value='AF_SOUTH_1'}, Tag{name='workloadType', value='OPERATIONAL'}]}, electionId=null, setVersion=9, topologyVersion=TopologyVersion{processId=6a3bd5427454750719664232, counter=4}, lastWriteDate=Thu Jun 25 14:17:00 SAST 2026, lastUpdateTimeNanos=1313929230091900}
2026-06-25T14:17:00.617+02:00  INFO 24660 --- [course-service] [ngodb.net:27017] org.mongodb.driver.cluster               : Monitor thread successfully connected to server with description ServerDescription{address=ac-hm7vyms-shard-00-02.ruqmdhz.mongodb.net:27017, type=REPLICA_SET_PRIMARY, cryptd=false, state=CONNECTED, ok=true, minWireVersion=0, maxWireVersion=25, maxDocumentSize=16777216, logicalSessionTimeoutMinutes=30, roundTripTimeNanos=553221100, minRoundTripTimeNanos=0, setName='atlas-jrzu4o-shard-0', canonicalAddress=ac-hm7vyms-shard-00-02.ruqmdhz.mongodb.net:27017, hosts=[ac-hm7vyms-shard-00-00.ruqmdhz.mongodb.net:27017, ac-hm7vyms-shard-00-02.ruqmdhz.mongodb.net:27017, ac-hm7vyms-shard-00-01.ruqmdhz.mongodb.net:27017], passives=[], arbiters=[], primary='ac-hm7vyms-shard-00-02.ruqmdhz.mongodb.net:27017', tagSet=TagSet{[Tag{name='availabilityZone', value='afs1-az3'}, Tag{name='cacheState', value='READY'}, Tag{name='diskState', value='READY'}, Tag{name='nodeType', value='ELECTABLE'}, Tag{name='provider', value='AWS'}, Tag{name='region', value='AF_SOUTH_1'}, Tag{name='workloadType', value='OPERATIONAL'}]}, electionId=7fffffff0000000000000062, setVersion=9, topologyVersion=TopologyVersion{processId=6a3bd577280ae92e137f7053, counter=6}, lastWriteDate=Thu Jun 25 14:17:00 SAST 2026, lastUpdateTimeNanos=1313929230080500}
2026-06-25T14:17:00.624+02:00  INFO 24660 --- [course-service] [ngodb.net:27017] org.mongodb.driver.cluster               : Discovered replica set primary ac-hm7vyms-shard-00-02.ruqmdhz.mongodb.net:27017 with max election id 7fffffff0000000000000062 and max set version 9
2026-06-25T14:17:00.994+02:00  INFO 24660 --- [course-service] [           main] o.s.cloud.commons.util.InetUtils         : Cannot determine local hostname
2026-06-25T14:17:03.721+02:00  INFO 24660 --- [course-service] [           main] o.s.cloud.commons.util.InetUtils         : Cannot determine local hostname
2026-06-25T14:17:03.779+02:00  INFO 24660 --- [course-service] [           main] DiscoveryClientOptionalArgsConfiguration : Eureka HTTP Client uses RestClient.
2026-06-25T14:17:03.851+02:00  WARN 24660 --- [course-service] [           main] iguration$LoadBalancerCaffeineWarnLogger : Spring Cloud LoadBalancer is currently working with the default cache. While this cache implementation is useful for development and tests, it's recommended to use Caffeine cache in production.You can switch to using Caffeine cache, by adding it and org.springframework.cache.caffeine.CaffeineCacheManager to the classpath.
2026-06-25T14:17:03.933+02:00  INFO 24660 --- [course-service] [           main] o.s.c.n.eureka.InstanceInfoFactory       : Setting initial instance status as: STARTING
2026-06-25T14:17:03.989+02:00  INFO 24660 --- [course-service] [           main] com.netflix.discovery.DiscoveryClient    : Initializing Eureka in region us-east-1
2026-06-25T14:17:03.994+02:00  INFO 24660 --- [course-service] [           main] c.n.d.s.r.aws.ConfigClusterResolver      : Resolving eureka endpoints via configuration
2026-06-25T14:17:04.017+02:00  INFO 24660 --- [course-service] [           main] com.netflix.discovery.DiscoveryClient    : Disable delta property : false
2026-06-25T14:17:04.017+02:00  INFO 24660 --- [course-service] [           main] com.netflix.discovery.DiscoveryClient    : Single vip registry refresh property : null
2026-06-25T14:17:04.017+02:00  INFO 24660 --- [course-service] [           main] com.netflix.discovery.DiscoveryClient    : Force full registry fetch : false
2026-06-25T14:17:04.017+02:00  INFO 24660 --- [course-service] [           main] com.netflix.discovery.DiscoveryClient    : Application is null : false
2026-06-25T14:17:04.017+02:00  INFO 24660 --- [course-service] [           main] com.netflix.discovery.DiscoveryClient    : Registered Applications size is zero : true
2026-06-25T14:17:04.017+02:00  INFO 24660 --- [course-service] [           main] com.netflix.discovery.DiscoveryClient    : Application version is -1: true
2026-06-25T14:17:04.018+02:00  INFO 24660 --- [course-service] [           main] com.netflix.discovery.DiscoveryClient    : Getting all instance registry info from the eureka server
2026-06-25T14:17:04.719+02:00  INFO 24660 --- [course-service] [           main] com.netflix.discovery.DiscoveryClient    : The response status is 200
2026-06-25T14:17:04.722+02:00  INFO 24660 --- [course-service] [           main] com.netflix.discovery.DiscoveryClient    : Starting heartbeat executor: renew interval is: 30
2026-06-25T14:17:04.726+02:00  INFO 24660 --- [course-service] [           main] c.n.discovery.InstanceInfoReplicator     : InstanceInfoReplicator onDemand update allowed rate per min is 4
2026-06-25T14:17:04.730+02:00  INFO 24660 --- [course-service] [           main] com.netflix.discovery.DiscoveryClient    : Discovery Client initialized at timestamp 1782389824728 with initial instances count: 4
2026-06-25T14:17:04.736+02:00  INFO 24660 --- [course-service] [           main] o.s.c.n.e.s.EurekaServiceRegistry        : Registering application COURSE-SERVICE with eureka with status UP
2026-06-25T14:17:04.738+02:00  INFO 24660 --- [course-service] [           main] com.netflix.discovery.DiscoveryClient    : Saw local status change event StatusChangeEvent [timestamp=1782389824738, current=UP, previous=STARTING]
2026-06-25T14:17:04.741+02:00  INFO 24660 --- [course-service] [foReplicator-%d] com.netflix.discovery.DiscoveryClient    : DiscoveryClient_COURSE-SERVICE/localhost:course-service:9991: registering service...
2026-06-25T14:17:04.755+02:00  INFO 24660 --- [course-service] [           main] c.c.c.CourseServiceApplicationTests      : Started CourseServiceApplicationTests in 9.689 seconds (process running for 11.909)
2026-06-25T14:17:04.866+02:00  INFO 24660 --- [course-service] [foReplicator-%d] com.netflix.discovery.DiscoveryClient    : DiscoveryClient_COURSE-SERVICE/localhost:course-service:9991 - registration status: 204
]]></system-out>
    <system-err><![CDATA[Mockito is currently self-attaching to enable the inline-mock-maker. This will no longer work in future releases of the JDK. Please add Mockito as an agent to your build as described in Mockito's documentation: https://javadoc.io/doc/org.mockito/mockito-core/latest/org.mockito/org/mockito/Mockito.html#0.3
WARNING: A Java agent has been loaded dynamically (C:\Users\Lesego\.m2\repository\net\bytebuddy\byte-buddy-agent\1.17.8\byte-buddy-agent-1.17.8.jar)
WARNING: If a serviceability tool is in use, please run with -XX:+EnableDynamicAgentLoading to hide this warning
WARNING: If a serviceability tool is not in use, please run with -Djdk.instrument.traceUsage for more information
WARNING: Dynamic loading of agents will be disallowed by default in a future release
]]></system-err>
  </testcase>
</testsuite>